Arguments: 
  /Users/tmacdonald/.nvm/versions/node/v14.14.0/bin/node /usr/local/Cellar/yarn/1.22.5/libexec/bin/yarn.js

PATH: 
  /Users/tmacdonald/.nvm/versions/node/v14.14.0/bin:/usr/local/opt/jenv/shims:/usr/local/opt/node@6/bin:/usr/local/bin:/usr/bin:/bin:/usr/sbin:/sbin:/Users/tmacdonald/development/tools/apache-maven-2.2.1/bin

Yarn version: 
  1.22.5

Node version: 
  14.14.0

Platform: 
  darwin x64

Trace: 
  Error: https://registry.yarnpkg.com/@fuze%2fjscream: Not found
      at Request.params.callback [as _callback] (/usr/local/Cellar/yarn/1.22.5/libexec/lib/cli.js:66988:18)
      at Request.self.callback (/usr/local/Cellar/yarn/1.22.5/libexec/lib/cli.js:140749:22)
      at Request.emit (events.js:315:20)
      at Request.<anonymous> (/usr/local/Cellar/yarn/1.22.5/libexec/lib/cli.js:141721:10)
      at Request.emit (events.js:315:20)
      at IncomingMessage.<anonymous> (/usr/local/Cellar/yarn/1.22.5/libexec/lib/cli.js:141643:12)
      at Object.onceWrapper (events.js:421:28)
      at IncomingMessage.emit (events.js:327:22)
      at endReadableNT (_stream_readable.js:1327:12)
      at processTicksAndRejections (internal/process/task_queues.js:80:21)

npm manifest: 
  {
    "name": "jscream-client",
    "version": "1.0.0",
    "main": "index.js",
    "scripts": {
      "start": "node dist/index.js",
      "build": "tsc"
    },
    "dependencies": {
      "@fuze/jscream": "1.0.0"
    },
    "license": "MIT"
  }

yarn manifest: 
  No manifest

Lockfile: 
  # THIS IS AN AUTOGENERATED FILE. DO NOT EDIT THIS FILE DIRECTLY.
  # yarn lockfile v1
  
  
  jscream@1.0.0:
    version "1.0.0"
    resolved "https://registry.yarnpkg.com/jscream/-/jscream-1.0.0.tgz#6f29e7403d61ac5f64aa0a06806f444e2c2a85df"
    integrity sha512-r7N3pI4VxzwTaJgHipMsg3Q0ABtYldFOeXwSNxMU44eC8fi5u+Nn6Gm1DHwkl2fNUKhGmVMN7hB8wXrcogRE6A==
